<?xml version="1.0" encoding="UTF-8"?>
<testng-results ignored="0" total="1" passed="1" failed="0" skipped="0">
  <reporter-output>
  </reporter-output>
  <suite started-at="2023-08-07T13:20:59 IST" name="Default suite" finished-at="2023-08-07T13:21:17 IST" duration-ms="18352">
    <groups>
    </groups>
    <test started-at="2023-08-07T13:20:59 IST" name="Default test" finished-at="2023-08-07T13:21:17 IST" duration-ms="18352">
      <class name="OnlinePurchase.Tests.StandaloneTest">
        <test-method signature="purchase()[pri:0, instance:OnlinePurchase.Tests.StandaloneTest@479460a6]" started-at="2023-08-07T13:20:59 IST" name="purchase" finished-at="2023-08-07T13:21:17 IST" duration-ms="18130" status="PASS">
          <reporter-output>
          </reporter-output>
        </test-method> <!-- purchase -->
      </class> <!-- OnlinePurchase.Tests.StandaloneTest -->
    </test> <!-- Default test -->
  </suite> <!-- Default suite -->
</testng-results>
